<?xml version="1.0" encoding="UTF-8"?>
<!-- Generated by org.testng.reporters.JUnitXMLReporter -->
<testsuite ignored="0" hostname="DESKTOP-V38MVE0" failures="0" tests="14" name="Surefire test" time="118.641" errors="0" timestamp="2023-02-17T21:11:16 EET">
  <testcase classname="tests.CheckoutTest" name="RegisterNewUser" time="3.883"/>
  <testcase classname="tests.CheckoutTest" name="LoginSuccessfully" time="2.997"/>
  <testcase classname="tests.CheckoutTest" name="SearchForProductCompleteName" time="5.611"/>
  <testcase classname="tests.CheckoutTest" name="AddProductToCart" time="4.241"/>
  <testcase classname="tests.CheckoutTest" name="Checkout" time="8.856"/>
  <testcase classname="tests.LoginTest" name="CheckLoginFaild" time="2.646"/>
  <testcase classname="tests.LoginTest" name="RegisterNewUser" time="3.674"/>
  <testcase classname="tests.LoginTest" name="CheckLoginSuccessfully" time="6.302"/>
  <testcase classname="tests.MyAccountTest" name="RegisterNewUser" time="3.532"/>
  <testcase classname="tests.MyAccountTest" name="Login" time="3.277"/>
  <testcase classname="tests.MyAccountTest" name="ChangePassword" time="3.203"/>
  <testcase classname="tests.SearchProductTest" name="SearchForProduct" time="1.871"/>
  <testcase classname="tests.SearchProductTest" name="SearchForProductAutoComplete" time="3.937"/>
  <testcase classname="tests.UserRegistrationTest" name="UserCanRegisterSucessfully" time="2.904"/>
</testsuite> <!-- Surefire test -->
