<?xml version="1.0" encoding="UTF-8"?>
<!-- Generated by org.testng.reporters.JUnitXMLReporter -->
<testsuite ignored="0" hostname="DESKTOP-V38MVE0" failures="0" tests="14" name="Command line test" time="288.568" errors="0" timestamp="2023-02-05T17:46:19 EET">
  <testcase classname="tests.CheckoutTest" name="RegisterNewUser" time="35.007"/>
  <testcase classname="tests.CheckoutTest" name="LoginSuccessfully" time="2.753"/>
  <testcase classname="tests.CheckoutTest" name="SearchForProductCompleteName" time="8.985"/>
  <testcase classname="tests.CheckoutTest" name="AddProductToCart" time="4.766"/>
  <testcase classname="tests.CheckoutTest" name="Checkout" time="14.748"/>
  <testcase classname="tests.LoginTest" name="CheckLoginFaild" time="6.459"/>
  <testcase classname="tests.LoginTest" name="RegisterNewUser" time="9.141"/>
  <testcase classname="tests.LoginTest" name="CheckLoginSuccessfully" time="6.837"/>
  <testcase classname="tests.MyAccountTest" name="RegisterNewUser" time="4.348"/>
  <testcase classname="tests.MyAccountTest" name="Login" time="2.454"/>
  <testcase classname="tests.MyAccountTest" name="ChangePassword" time="3.208"/>
  <testcase classname="tests.SearchProductTest" name="SearchForProduct" time="5.725"/>
  <testcase classname="tests.SearchProductTest" name="SearchForProductAutoComplete" time="4.265"/>
  <testcase classname="tests.UserRegistrationTest" name="UserCanRegisterSucessfully" time="4.283"/>
</testsuite> <!-- Command line test -->
