<?xml version="1.0" encoding="UTF-8" ?>
<testsuite tests="14" failures="0" name="TestSuite" time="112.985" errors="0" skipped="0">
  <properties>
[...]
</properties>
  <testcase classname="tests.CheckoutTest" name="RegisterNewUser" time="35.014"/>
  <testcase classname="tests.CheckoutTest" name="LoginSuccessfully" time="2.752"/>
  <testcase classname="tests.CheckoutTest" name="SearchForProductCompleteName" time="8.985"/>
  <testcase classname="tests.CheckoutTest" name="AddProductToCart" time="4.766"/>
  <testcase classname="tests.CheckoutTest" name="Checkout" time="14.749"/>
  <testcase classname="tests.LoginTest" name="CheckLoginFaild" time="6.459"/>
  <testcase classname="tests.LoginTest" name="RegisterNewUser" time="9.14"/>
  <testcase classname="tests.LoginTest" name="CheckLoginSuccessfully" time="6.836"/>
  <testcase classname="tests.MyAccountTest" name="RegisterNewUser" time="4.348"/>
  <testcase classname="tests.MyAccountTest" name="Login" time="2.455"/>
  <testcase classname="tests.MyAccountTest" name="ChangePassword" time="3.208"/>
  <testcase classname="tests.SearchProductTest" name="SearchForProduct" time="5.725"/>
  <testcase classname="tests.SearchProductTest" name="SearchForProductAutoComplete" time="4.265"/>
  <testcase classname="tests.UserRegistrationTest" name="UserCanRegisterSucessfully" time="4.283"/>
</testsuite>