<?xml version="1.0" encoding="UTF-8"?>
<testng-results ignored="0" total="2" passed="2" failed="0" skipped="0">
  <reporter-output>
  </reporter-output>
  <suite started-at="2023-02-17T20:47:03 EET" name="Surefire suite" finished-at="2023-02-17T20:47:35 EET" duration-ms="32161">
    <groups>
    </groups>
    <test started-at="2023-02-17T20:47:03 EET" name="Surefire test" finished-at="2023-02-17T20:47:35 EET" duration-ms="32161">
      <class name="tests.SearchProductTest">
        <test-method is-config="true" signature="setUp()[pri:0, instance:tests.SearchProductTest@7808fb9]" started-at="2023-02-17T20:47:03 EET" name="setUp" finished-at="2023-02-17T20:47:19 EET" duration-ms="16130" status="PASS">
          <reporter-output>
          </reporter-output>
        </test-method> <!-- setUp -->
        <test-method signature="SearchForProduct()[pri:0, instance:tests.SearchProductTest@7808fb9]" started-at="2023-02-17T20:47:19 EET" name="SearchForProduct" description="SearchProduct Tests - Search for product with complete name" finished-at="2023-02-17T20:47:21 EET" duration-ms="1831" status="PASS">
          <reporter-output>
          </reporter-output>
        </test-method> <!-- SearchForProduct -->
        <test-method is-config="true" signature="tearDown()[pri:0, instance:tests.SearchProductTest@7808fb9]" started-at="2023-02-17T20:47:21 EET" name="tearDown" finished-at="2023-02-17T20:47:21 EET" duration-ms="450" status="PASS">
          <reporter-output>
          </reporter-output>
        </test-method> <!-- tearDown -->
        <test-method is-config="true" signature="setUp()[pri:0, instance:tests.SearchProductTest@7808fb9]" started-at="2023-02-17T20:47:21 EET" name="setUp" finished-at="2023-02-17T20:47:31 EET" duration-ms="9725" status="PASS">
          <reporter-output>
          </reporter-output>
        </test-method> <!-- setUp -->
        <test-method signature="SearchForProductAutoComplete()[pri:0, instance:tests.SearchProductTest@7808fb9]" started-at="2023-02-17T20:47:31 EET" name="SearchForProductAutoComplete" description="SearchProduct Tests - Search for product with part of it&#039;s name" finished-at="2023-02-17T20:47:35 EET" duration-ms="3641" status="PASS">
          <reporter-output>
          </reporter-output>
        </test-method> <!-- SearchForProductAutoComplete -->
        <test-method is-config="true" signature="tearDown()[pri:0, instance:tests.SearchProductTest@7808fb9]" started-at="2023-02-17T20:47:35 EET" name="tearDown" finished-at="2023-02-17T20:47:35 EET" duration-ms="222" status="PASS">
          <reporter-output>
          </reporter-output>
        </test-method> <!-- tearDown -->
      </class> <!-- tests.SearchProductTest -->
    </test> <!-- Surefire test -->
  </suite> <!-- Surefire suite -->
</testng-results>
