<?xml version="1.0" encoding="UTF-8"?>
<testsuite xmlns:xsi="http://www.w3.org/2001/XMLSchema-instance" xsi:noNamespaceSchemaLocation="https://maven.apache.org/surefire/maven-surefire-plugin/xsd/surefire-test-report.xsd" name="TestSuite" time="121.267" tests="14" errors="0" skipped="0" failures="0">
  <properties>
[...]
</properties>
  <testcase name="RegisterNewUser" classname="tests.CheckoutTest" time="3.885"/>
  <testcase name="LoginSuccessfully" classname="tests.CheckoutTest" time="2.997"/>
  <testcase name="SearchForProductCompleteName" classname="tests.CheckoutTest" time="5.611"/>
  <testcase name="AddProductToCart" classname="tests.CheckoutTest" time="4.241"/>
  <testcase name="Checkout" classname="tests.CheckoutTest" time="8.855"/>
  <testcase name="CheckLoginFaild" classname="tests.LoginTest" time="2.646"/>
  <testcase name="RegisterNewUser" classname="tests.LoginTest" time="3.675"/>
  <testcase name="CheckLoginSuccessfully" classname="tests.LoginTest" time="6.302"/>
  <testcase name="RegisterNewUser" classname="tests.MyAccountTest" time="3.532"/>
  <testcase name="Login" classname="tests.MyAccountTest" time="3.277"/>
  <testcase name="ChangePassword" classname="tests.MyAccountTest" time="3.203"/>
  <testcase name="SearchForProduct" classname="tests.SearchProductTest" time="1.872"/>
  <testcase name="SearchForProductAutoComplete" classname="tests.SearchProductTest" time="3.937"/>
  <testcase name="UserCanRegisterSucessfully" classname="tests.UserRegistrationTest" time="2.904"/>
</testsuite>