<?xml version="1.0" encoding="UTF-8"?>
<testng-results skipped="0" failed="1" ignored="0" total="3" passed="2">
  <reporter-output>
  </reporter-output>
  <suite name="All Test Suite" duration-ms="38114" started-at="2022-07-31T14:48:10 EET" finished-at="2022-07-31T14:48:48 EET">
    <groups>
    </groups>
    <test name="Regression suit" duration-ms="38114" started-at="2022-07-31T14:48:10 EET" finished-at="2022-07-31T14:48:48 EET">
      <class name="tests.LoginTest">
        <test-method status="PASS" signature="startDriver(java.lang.String)[pri:0, instance:tests.LoginTest@1ed4004b]" name="startDriver" is-config="true" duration-ms="6301" started-at="2022-07-31T14:48:10 EET" finished-at="2022-07-31T14:48:17 EET">
          <params>
            <param index="0">
              <value>
                <![CDATA[chrome]]>
              </value>
            </param>
          </params>
          <reporter-output>
          </reporter-output>
        </test-method> <!-- startDriver -->
        <test-method status="FAIL" signature="CheckLoginSuccessfully()[pri:0, instance:tests.LoginTest@1ed4004b]" name="CheckLoginSuccessfully" duration-ms="9743" started-at="2022-07-31T14:48:17 EET" finished-at="2022-07-31T14:48:26 EET">
          <exception class="org.openqa.selenium.NoSuchElementException">
            <message>
              <![CDATA[Unable to find element with locator By.linkText: Log out
For documentation on this error, please visit: https://selenium.dev/exceptions/#no_such_element
Build info: version: '4.0.0-beta-4', revision: '29f46d02dd'
System info: host: 'DESKTOP-V38MVE0', ip: '192.168.56.1', os.name: 'Windows 10', os.arch: 'amd64', os.version: '10.0', java.version: '1.8.0_261'
Driver info: driver.version: RemoteWebDriver]]>
            </message>
            <full-stacktrace>
              <![CDATA[org.openqa.selenium.NoSuchElementException: Unable to find element with locator By.linkText: Log out
For documentation on this error, please visit: https://selenium.dev/exceptions/#no_such_element
Build info: version: '4.0.0-beta-4', revision: '29f46d02dd'
System info: host: 'DESKTOP-V38MVE0', ip: '192.168.56.1', os.name: 'Windows 10', os.arch: 'amd64', os.version: '10.0', java.version: '1.8.0_261'
Driver info: driver.version: RemoteWebDriver
at org.openqa.selenium.remote.RemoteWebDriver$Mechanism$2.findElement(RemoteWebDriver.java:1254)
at org.openqa.selenium.remote.RemoteWebDriver.findElement(RemoteWebDriver.java:379)
at org.openqa.selenium.remote.RemoteWebDriver.findElement(RemoteWebDriver.java:373)
at org.openqa.selenium.support.pagefactory.DefaultElementLocator.findElement(DefaultElementLocator.java:70)
at org.openqa.selenium.support.pagefactory.internal.LocatingElementHandler.invoke(LocatingElementHandler.java:39)
at com.sun.proxy.$Proxy15.isDisplayed(Unknown Source)
at pages.PageBase.CheckVisible(PageBase.java:34)
at pages.HomePage.CheckLoginVisible(HomePage.java:43)
at tests.LoginTest.CheckLoginSuccessfully(LoginTest.java:19)
at sun.reflect.NativeMethodAccessorImpl.invoke0(Native Method)
at sun.reflect.NativeMethodAccessorImpl.invoke(NativeMethodAccessorImpl.java:62)
at sun.reflect.DelegatingMethodAccessorImpl.invoke(DelegatingMethodAccessorImpl.java:43)
at java.lang.reflect.Method.invoke(Method.java:498)
at org.testng.internal.MethodInvocationHelper.invokeMethod(MethodInvocationHelper.java:133)
at org.testng.internal.TestInvoker.invokeMethod(TestInvoker.java:598)
at org.testng.internal.TestInvoker.invokeTestMethod(TestInvoker.java:173)
at org.testng.internal.MethodRunner.runInSequence(MethodRunner.java:46)
at org.testng.internal.TestInvoker$MethodInvocationAgent.invoke(TestInvoker.java:824)
at org.testng.internal.TestInvoker.invokeTestMethods(TestInvoker.java:146)
at org.testng.internal.TestMethodWorker.invokeTestMethods(TestMethodWorker.java:146)
at org.testng.internal.TestMethodWorker.run(TestMethodWorker.java:128)
at java.util.ArrayList.forEach(ArrayList.java:1259)
at org.testng.TestRunner.privateRun(TestRunner.java:794)
at org.testng.TestRunner.run(TestRunner.java:596)
at org.testng.SuiteRunner.runTest(SuiteRunner.java:377)
at org.testng.SuiteRunner.runSequentially(SuiteRunner.java:371)
at org.testng.SuiteRunner.privateRun(SuiteRunner.java:332)
at org.testng.SuiteRunner.run(SuiteRunner.java:276)
at org.testng.SuiteRunnerWorker.runSuite(SuiteRunnerWorker.java:53)
at org.testng.SuiteRunnerWorker.run(SuiteRunnerWorker.java:96)
at org.testng.TestNG.runSuitesSequentially(TestNG.java:1212)
at org.testng.TestNG.runSuitesLocally(TestNG.java:1134)
at org.testng.TestNG.runSuites(TestNG.java:1063)
at org.testng.TestNG.run(TestNG.java:1031)
at com.intellij.rt.testng.IDEARemoteTestNG.run(IDEARemoteTestNG.java:66)
at com.intellij.rt.testng.RemoteTestNGStarter.main(RemoteTestNGStarter.java:109)
]]>
            </full-stacktrace>
          </exception> <!-- org.openqa.selenium.NoSuchElementException -->
          <reporter-output>
          </reporter-output>
        </test-method> <!-- CheckLoginSuccessfully -->
        <test-method status="PASS" signature="stopDriver()[pri:0, instance:tests.LoginTest@1ed4004b]" name="stopDriver" is-config="true" duration-ms="964" started-at="2022-07-31T14:48:26 EET" finished-at="2022-07-31T14:48:27 EET">
          <reporter-output>
          </reporter-output>
        </test-method> <!-- stopDriver -->
        <test-method status="PASS" signature="startDriver(java.lang.String)[pri:0, instance:tests.LoginTest@1ed4004b]" name="startDriver" is-config="true" duration-ms="5719" started-at="2022-07-31T14:48:27 EET" finished-at="2022-07-31T14:48:33 EET">
          <params>
            <param index="0">
              <value>
                <![CDATA[chrome]]>
              </value>
            </param>
          </params>
          <reporter-output>
          </reporter-output>
        </test-method> <!-- startDriver -->
        <test-method status="PASS" signature="CheckLoginFaild()[pri:0, instance:tests.LoginTest@1ed4004b]" name="CheckLoginFaild" duration-ms="2007" started-at="2022-07-31T14:48:33 EET" finished-at="2022-07-31T14:48:35 EET">
          <reporter-output>
          </reporter-output>
        </test-method> <!-- CheckLoginFaild -->
        <test-method status="PASS" signature="stopDriver()[pri:0, instance:tests.LoginTest@1ed4004b]" name="stopDriver" is-config="true" duration-ms="603" started-at="2022-07-31T14:48:35 EET" finished-at="2022-07-31T14:48:36 EET">
          <reporter-output>
          </reporter-output>
        </test-method> <!-- stopDriver -->
      </class> <!-- tests.LoginTest -->
      <class name="tests.UserRegistrationTest">
        <test-method status="PASS" signature="startDriver(java.lang.String)[pri:0, instance:tests.UserRegistrationTest@5abca1e0]" name="startDriver" is-config="true" duration-ms="9220" started-at="2022-07-31T14:48:36 EET" finished-at="2022-07-31T14:48:45 EET">
          <params>
            <param index="0">
              <value>
                <![CDATA[chrome]]>
              </value>
            </param>
          </params>
          <reporter-output>
          </reporter-output>
        </test-method> <!-- startDriver -->
        <test-method status="PASS" signature="UserCanRegisterSucessfully()[pri:0, instance:tests.UserRegistrationTest@5abca1e0]" name="UserCanRegisterSucessfully" duration-ms="2805" started-at="2022-07-31T14:48:45 EET" finished-at="2022-07-31T14:48:48 EET">
          <reporter-output>
          </reporter-output>
        </test-method> <!-- UserCanRegisterSucessfully -->
        <test-method status="PASS" signature="stopDriver()[pri:0, instance:tests.UserRegistrationTest@5abca1e0]" name="stopDriver" is-config="true" duration-ms="660" started-at="2022-07-31T14:48:48 EET" finished-at="2022-07-31T14:48:48 EET">
          <reporter-output>
          </reporter-output>
        </test-method> <!-- stopDriver -->
      </class> <!-- tests.UserRegistrationTest -->
    </test> <!-- Regression suit -->
  </suite> <!-- All Test Suite -->
</testng-results>
